0 info it worked if it ends with ok
1 verbose cli [ 'C:\\Program Files\\nodejs\\node.exe',
1 verbose cli   'C:\\Program Files\\nodejs\\node_modules\\npm\\bin\\npm-cli.js',
1 verbose cli   'run',
1 verbose cli   'build' ]
2 info using npm@3.10.8
3 info using node@v6.9.1
4 verbose run-script [ 'prebuild', 'build', 'postbuild' ]
5 info lifecycle webpack-react2@1.0.0~prebuild: webpack-react2@1.0.0
6 silly lifecycle webpack-react2@1.0.0~prebuild: no script for prebuild, continuing
7 info lifecycle webpack-react2@1.0.0~build: webpack-react2@1.0.0
8 verbose lifecycle webpack-react2@1.0.0~build: unsafe-perm in lifecycle true
9 verbose lifecycle webpack-react2@1.0.0~build: PATH: C:\Program Files\nodejs\node_modules\npm\bin\node-gyp-bin;E:\webpack\webpack-react2\node_modules\.bin;C:\Users\pc\bin;D:\Program Files\Git\mingw64\bin;D:\Program Files\Git\usr\local\bin;D:\Program Files\Git\usr\bin;D:\Program Files\Git\usr\bin;D:\Program Files\Git\mingw64\bin;D:\Program Files\Git\usr\bin;C:\Users\pc\bin;C:\Program Files\ImageMagick-7.0.3-Q16;C:\ProgramData\Oracle\Java\javapath;C:\WINDOWS\system32;C:\WINDOWS;C:\WINDOWS\System32\Wbem;C:\WINDOWS\System32\WindowsPowerShell\v1.0;C:\Program Files (x86)\Windows Kits\8.1\Windows Performance Toolkit;C:\Program Files\Microsoft SQL Server\110\Tools\Binn;C:\Program Files\TortoiseSVN\bin;C:\Program Files\TortoiseGit\bin;C:\Program Files (x86)\Inno Setup 5;C:\ProgramData\chocolatey\bin;C:\Python27;C:\Users\pc\AppData\Local\Android\sdk;C:\Users\pc\AppData\Local\Android\sdk\platform-tools;C:\Program Files\nodejs;C:\Go\bin;E:\Program Files (x86)\Yarn\bin;D:\Program Files\Git\cmd;C:\Users\pc\AppData\Local\Microsoft\WindowsApps;C:\Users\pc\AppData\Local\atom\bin;C:\Users\pc\AppData\Roaming\npm;C:\Users\pc\AppData\Roaming\npm;D:\mingw64\bin;C:\Users\pc\AppData\Local\Yarn\bin;D:\Program Files\Git\usr\bin\vendor_perl;D:\Program Files\Git\usr\bin\core_perl
10 verbose lifecycle webpack-react2@1.0.0~build: CWD: E:\webpack\webpack-react2
11 silly lifecycle webpack-react2@1.0.0~build: Args: [ '/d /s /c',
11 silly lifecycle   'NODE_ENV=production webpack --config ./webpack.production.config.js --progress' ]
12 silly lifecycle webpack-react2@1.0.0~build: Returned: code: 1  signal: null
13 info lifecycle webpack-react2@1.0.0~build: Failed to exec build script
14 verbose stack Error: webpack-react2@1.0.0 build: `NODE_ENV=production webpack --config ./webpack.production.config.js --progress`
14 verbose stack Exit status 1
14 verbose stack     at EventEmitter.<anonymous> (C:\Program Files\nodejs\node_modules\npm\lib\utils\lifecycle.js:255:16)
14 verbose stack     at emitTwo (events.js:106:13)
14 verbose stack     at EventEmitter.emit (events.js:191:7)
14 verbose stack     at ChildProcess.<anonymous> (C:\Program Files\nodejs\node_modules\npm\lib\utils\spawn.js:40:14)
14 verbose stack     at emitTwo (events.js:106:13)
14 verbose stack     at ChildProcess.emit (events.js:191:7)
14 verbose stack     at maybeClose (internal/child_process.js:877:16)
14 verbose stack     at Process.ChildProcess._handle.onexit (internal/child_process.js:226:5)
15 verbose pkgid webpack-react2@1.0.0
16 verbose cwd E:\webpack\webpack-react2
17 error Windows_NT 10.0.14393
18 error argv "C:\\Program Files\\nodejs\\node.exe" "C:\\Program Files\\nodejs\\node_modules\\npm\\bin\\npm-cli.js" "run" "build"
19 error node v6.9.1
20 error npm  v3.10.8
21 error code ELIFECYCLE
22 error webpack-react2@1.0.0 build: `NODE_ENV=production webpack --config ./webpack.production.config.js --progress`
22 error Exit status 1
23 error Failed at the webpack-react2@1.0.0 build script 'NODE_ENV=production webpack --config ./webpack.production.config.js --progress'.
23 error Make sure you have the latest version of node.js and npm installed.
23 error If you do, this is most likely a problem with the webpack-react2 package,
23 error not with npm itself.
23 error Tell the author that this fails on your system:
23 error     NODE_ENV=production webpack --config ./webpack.production.config.js --progress
23 error You can get information on how to open an issue for this project with:
23 error     npm bugs webpack-react2
23 error Or if that isn't available, you can get their info via:
23 error     npm owner ls webpack-react2
23 error There is likely additional logging output above.
24 verbose exit [ 1, true ]
